mode: set
github.com/nikhiln-code/koalaWorld/go-backend/tests/utils/payload.go:5.30,12.2 3 0
github.com/nikhiln-code/koalaWorld/go-backend/tests/utils/payload.go:14.34,21.2 3 0
github.com/nikhiln-code/koalaWorld/go-backend/tests/utils/router.go:8.36,11.5 3 0
github.com/nikhiln-code/koalaWorld/go-backend/tests/utils/router.go:11.5,15.6 3 0
github.com/nikhiln-code/koalaWorld/go-backend/tests/utils/router.go:16.5,16.13 1 0
github.com/nikhiln-code/koalaWorld/go-backend/tests/utils/payload.go:5.30,12.2 3 1
github.com/nikhiln-code/koalaWorld/go-backend/tests/utils/payload.go:14.34,21.2 3 1
github.com/nikhiln-code/koalaWorld/go-backend/tests/utils/router.go:8.36,11.5 3 1
github.com/nikhiln-code/koalaWorld/go-backend/tests/utils/router.go:11.5,15.6 3 1
github.com/nikhiln-code/koalaWorld/go-backend/tests/utils/router.go:16.5,16.13 1 1
